

Started GET "/" for 127.0.0.1 at 2015-06-04 13:55:35 +0100

ActiveRecord::NoDatabaseError (FATAL:  database "hotel_reviewer_development" does not exist
):
  activerecord (4.2.0) lib/active_record/connection_adapters/postgresql_adapter.rb:661:in `rescue in connect'
  activerecord (4.2.0) lib/active_record/connection_adapters/postgresql_adapter.rb:651:in `connect'
  activerecord (4.2.0) lib/active_record/connection_adapters/postgresql_adapter.rb:242:in `initialize'
  activerecord (4.2.0) lib/active_record/connection_adapters/postgresql_adapter.rb:44:in `new'
  activerecord (4.2.0) lib/active_record/connection_adapters/postgresql_adapter.rb:44:in `postgresql_connection'
  activerecord (4.2.0) lib/active_record/connection_adapters/abstract/connection_pool.rb:436:in `new_connection'
  activerecord (4.2.0) lib/active_record/connection_adapters/abstract/connection_pool.rb:446:in `checkout_new_connection'
  activerecord (4.2.0) lib/active_record/connection_adapters/abstract/connection_pool.rb:422:in `acquire_connection'
  activerecord (4.2.0) lib/active_record/connection_adapters/abstract/connection_pool.rb:349:in `block in checkout'
  /Users/Jem/.rbenv/versions/2.1.5/lib/ruby/2.1.0/monitor.rb:211:in `mon_synchronize'
  activerecord (4.2.0) lib/active_record/connection_adapters/abstract/connection_pool.rb:348:in `checkout'
  activerecord (4.2.0) lib/active_record/connection_adapters/abstract/connection_pool.rb:263:in `block in connection'
  /Users/Jem/.rbenv/versions/2.1.5/lib/ruby/2.1.0/monitor.rb:211:in `mon_synchronize'
  activerecord (4.2.0) lib/active_record/connection_adapters/abstract/connection_pool.rb:262:in `connection'
  activerecord (4.2.0) lib/active_record/connection_adapters/abstract/connection_pool.rb:565:in `retrieve_connection'
  activerecord (4.2.0) lib/active_record/connection_handling.rb:113:in `retrieve_connection'
  activerecord (4.2.0) lib/active_record/connection_handling.rb:87:in `connection'
  activerecord (4.2.0) lib/active_record/migration.rb:384:in `connection'
  activerecord (4.2.0) lib/active_record/migration.rb:371:in `call'
  actionpack (4.2.0) lib/action_dispatch/middleware/callbacks.rb:29:in `block in call'
  activesupport (4.2.0) lib/active_support/callbacks.rb:88:in `call'
  activesupport (4.2.0) lib/active_support/callbacks.rb:88:in `_run_callbacks'
  activesupport (4.2.0) lib/active_support/callbacks.rb:734:in `_run_call_callbacks'
  activesupport (4.2.0) lib/active_support/callbacks.rb:81:in `run_callbacks'
  actionpack (4.2.0) lib/action_dispatch/middleware/callbacks.rb:27:in `call'
  actionpack (4.2.0) lib/action_dispatch/middleware/reloader.rb:73:in `call'
  actionpack (4.2.0) lib/action_dispatch/middleware/remote_ip.rb:78:in `call'
  actionpack (4.2.0) lib/action_dispatch/middleware/debug_exceptions.rb:17:in `call'
  web-console (2.1.2) lib/web_console/middleware.rb:37:in `call'
  actionpack (4.2.0) lib/action_dispatch/middleware/show_exceptions.rb:30:in `call'
  railties (4.2.0) lib/rails/rack/logger.rb:38:in `call_app'
  railties (4.2.0) lib/rails/rack/logger.rb:20:in `block in call'
  activesupport (4.2.0) lib/active_support/tagged_logging.rb:68:in `block in tagged'
  activesupport (4.2.0) lib/active_support/tagged_logging.rb:26:in `tagged'
  activesupport (4.2.0) lib/active_support/tagged_logging.rb:68:in `tagged'
  railties (4.2.0) lib/rails/rack/logger.rb:20:in `call'
  actionpack (4.2.0) lib/action_dispatch/middleware/request_id.rb:21:in `call'
  rack (1.6.1) lib/rack/methodoverride.rb:22:in `call'
  rack (1.6.1) lib/rack/runtime.rb:18:in `call'
  activesupport (4.2.0) lib/active_support/cache/strategy/local_cache_middleware.rb:28:in `call'
  rack (1.6.1) lib/rack/lock.rb:17:in `call'
  actionpack (4.2.0) lib/action_dispatch/middleware/static.rb:113:in `call'
  rack (1.6.1) lib/rack/sendfile.rb:113:in `call'
  railties (4.2.0) lib/rails/engine.rb:518:in `call'
  railties (4.2.0) lib/rails/application.rb:164:in `call'
  rack (1.6.1) lib/rack/content_length.rb:15:in `call'
  thin (1.6.3) lib/thin/connection.rb:86:in `block in pre_process'
  thin (1.6.3) lib/thin/connection.rb:84:in `catch'
  thin (1.6.3) lib/thin/connection.rb:84:in `pre_process'
  thin (1.6.3) lib/thin/connection.rb:53:in `process'
  thin (1.6.3) lib/thin/connection.rb:39:in `receive_data'
  eventmachine (1.0.7) lib/eventmachine.rb:187:in `run_machine'
  eventmachine (1.0.7) lib/eventmachine.rb:187:in `run'
  thin (1.6.3) lib/thin/backends/base.rb:73:in `start'
  thin (1.6.3) lib/thin/server.rb:162:in `start'
  rack (1.6.1) lib/rack/handler/thin.rb:19:in `run'
  rack (1.6.1) lib/rack/server.rb:286:in `start'
  railties (4.2.0) lib/rails/commands/server.rb:80:in `start'
  railties (4.2.0) lib/rails/commands/commands_tasks.rb:80:in `block in server'
  railties (4.2.0) lib/rails/commands/commands_tasks.rb:75:in `tap'
  railties (4.2.0) lib/rails/commands/commands_tasks.rb:75:in `server'
  railties (4.2.0) lib/rails/commands/commands_tasks.rb:39:in `run_command!'
  railties (4.2.0) lib/rails/commands.rb:17:in `<top (required)>'
  bin/rails:4:in `require'
  bin/rails:4:in `<main>'


  Rendered /Users/Jem/.rbenv/versions/2.1.5/lib/ruby/gems/2.1.0/gems/actionpack-4.2.0/lib/action_dispatch/middleware/templates/rescues/_source.erb (3.8ms)
  Rendered /Users/Jem/.rbenv/versions/2.1.5/lib/ruby/gems/2.1.0/gems/actionpack-4.2.0/lib/action_dispatch/middleware/templates/rescues/_trace.html.erb (1.8ms)
  Rendered /Users/Jem/.rbenv/versions/2.1.5/lib/ruby/gems/2.1.0/gems/actionpack-4.2.0/lib/action_dispatch/middleware/templates/rescues/_request_and_response.html.erb (0.8ms)
  Rendered /Users/Jem/.rbenv/versions/2.1.5/lib/ruby/gems/2.1.0/gems/actionpack-4.2.0/lib/action_dispatch/middleware/templates/rescues/diagnostics.html.erb within rescues/layout (22.7ms)
  Rendered /Users/Jem/.rbenv/versions/2.1.5/lib/ruby/gems/2.1.0/gems/web-console-2.1.2/lib/web_console/templates/_markup.html.erb (0.4ms)
  Rendered /Users/Jem/.rbenv/versions/2.1.5/lib/ruby/gems/2.1.0/gems/web-console-2.1.2/lib/web_console/templates/style.css.erb within layouts/inlined_string (0.2ms)
  Rendered /Users/Jem/.rbenv/versions/2.1.5/lib/ruby/gems/2.1.0/gems/web-console-2.1.2/lib/web_console/templates/_inner_console_markup.html.erb within layouts/inlined_string (0.3ms)
  Rendered /Users/Jem/.rbenv/versions/2.1.5/lib/ruby/gems/2.1.0/gems/web-console-2.1.2/lib/web_console/templates/_prompt_box_markup.html.erb within layouts/inlined_string (0.2ms)
  Rendered /Users/Jem/.rbenv/versions/2.1.5/lib/ruby/gems/2.1.0/gems/web-console-2.1.2/lib/web_console/templates/console.js.erb within layouts/javascript (17.0ms)
  Rendered /Users/Jem/.rbenv/versions/2.1.5/lib/ruby/gems/2.1.0/gems/web-console-2.1.2/lib/web_console/templates/main.js.erb within layouts/javascript (0.2ms)
  Rendered /Users/Jem/.rbenv/versions/2.1.5/lib/ruby/gems/2.1.0/gems/web-console-2.1.2/lib/web_console/templates/error_page.js.erb within layouts/javascript (0.4ms)
  Rendered /Users/Jem/.rbenv/versions/2.1.5/lib/ruby/gems/2.1.0/gems/web-console-2.1.2/lib/web_console/templates/index.html.erb (39.5ms)


Started GET "/" for 127.0.0.1 at 2015-06-04 13:56:52 +0100
Processing by Rails::WelcomeController#index as HTML
  Rendered /Users/Jem/.rbenv/versions/2.1.5/lib/ruby/gems/2.1.0/gems/railties-4.2.0/lib/rails/templates/rails/welcome/index.html.erb (1.6ms)
Completed 200 OK in 17ms (Views: 8.3ms | ActiveRecord: 0.0ms)
  [1m[36m (4.0ms)[0m  [1mCREATE TABLE "schema_migrations" ("version" character varying NOT NULL) [0m
  [1m[35m (1.3ms)[0m  CREATE UNIQUE INDEX  "unique_schema_migrations" ON "schema_migrations"  ("version")
  [1m[36mActiveRecord::SchemaMigration Load (0.3ms)[0m  [1mSELECT "schema_migrations".* FROM "schema_migrations"[0m
Migrating to CreateHotels (20150604130014)
  [1m[35m (0.1ms)[0m  BEGIN
  [1m[36m (4.5ms)[0m  [1mCREATE TABLE "hotels" ("id" serial primary key, "name" character varying, "city" character varying, "country" character varying, "created_at" timestamp NOT NULL, "updated_at" timestamp NOT NULL) [0m
  [1m[35mSQL (0.3ms)[0m  INSERT INTO "schema_migrations" ("version") VALUES ($1)  [["version", "20150604130014"]]
  [1m[36m (2.3ms)[0m  [1mCOMMIT[0m
  [1m[35mActiveRecord::SchemaMigration Load (0.2ms)[0m  SELECT "schema_migrations".* FROM "schema_migrations"
  [1m[36m (4.6ms)[0m  [1mSELECT t2.oid::regclass::text AS to_table, a1.attname AS column, a2.attname AS primary_key, c.conname AS name, c.confupdtype AS on_update, c.confdeltype AS on_delete
FROM pg_constraint c
JOIN pg_class t1 ON c.conrelid = t1.oid
JOIN pg_class t2 ON c.confrelid = t2.oid
JOIN pg_attribute a1 ON a1.attnum = c.conkey[1] AND a1.attrelid = t1.oid
JOIN pg_attribute a2 ON a2.attnum = c.confkey[1] AND a2.attrelid = t2.oid
JOIN pg_namespace t3 ON c.connamespace = t3.oid
WHERE c.contype = 'f'
  AND t1.relname = 'hotels'
  AND t3.nspname = ANY (current_schemas(false))
ORDER BY c.conname
[0m
  [1m[36mActiveRecord::SchemaMigration Load (0.3ms)[0m  [1mSELECT "schema_migrations".* FROM "schema_migrations"[0m
Migrating to CreateReviews (20150604132555)
  [1m[35m (0.1ms)[0m  BEGIN
  [1m[36m (6.6ms)[0m  [1mCREATE TABLE "reviews" ("id" serial primary key, "description" character varying, "rating" integer, "hotel_id" integer, "created_at" timestamp NOT NULL, "updated_at" timestamp NOT NULL) [0m
  [1m[35m (0.8ms)[0m  CREATE  INDEX  "index_reviews_on_hotel_id" ON "reviews"  ("hotel_id")
  [1m[36m (5.4ms)[0m  [1mALTER TABLE "reviews" ADD CONSTRAINT "fk_rails_33f1dc629d"
FOREIGN KEY ("hotel_id")
  REFERENCES "hotels" ("id")
[0m
  [1m[35mSQL (0.2ms)[0m  INSERT INTO "schema_migrations" ("version") VALUES ($1)  [["version", "20150604132555"]]
  [1m[36m (109.9ms)[0m  [1mCOMMIT[0m
  [1m[35mActiveRecord::SchemaMigration Load (0.3ms)[0m  SELECT "schema_migrations".* FROM "schema_migrations"
  [1m[36m (3.4ms)[0m  [1mSELECT t2.oid::regclass::text AS to_table, a1.attname AS column, a2.attname AS primary_key, c.conname AS name, c.confupdtype AS on_update, c.confdeltype AS on_delete
FROM pg_constraint c
JOIN pg_class t1 ON c.conrelid = t1.oid
JOIN pg_class t2 ON c.confrelid = t2.oid
JOIN pg_attribute a1 ON a1.attnum = c.conkey[1] AND a1.attrelid = t1.oid
JOIN pg_attribute a2 ON a2.attnum = c.confkey[1] AND a2.attrelid = t2.oid
JOIN pg_namespace t3 ON c.connamespace = t3.oid
WHERE c.contype = 'f'
  AND t1.relname = 'hotels'
  AND t3.nspname = ANY (current_schemas(false))
ORDER BY c.conname
[0m
  [1m[35m (3.0ms)[0m  SELECT t2.oid::regclass::text AS to_table, a1.attname AS column, a2.attname AS primary_key, c.conname AS name, c.confupdtype AS on_update, c.confdeltype AS on_delete
FROM pg_constraint c
JOIN pg_class t1 ON c.conrelid = t1.oid
JOIN pg_class t2 ON c.confrelid = t2.oid
JOIN pg_attribute a1 ON a1.attnum = c.conkey[1] AND a1.attrelid = t1.oid
JOIN pg_attribute a2 ON a2.attnum = c.confkey[1] AND a2.attrelid = t2.oid
JOIN pg_namespace t3 ON c.connamespace = t3.oid
WHERE c.contype = 'f'
  AND t1.relname = 'reviews'
  AND t3.nspname = ANY (current_schemas(false))
ORDER BY c.conname

  [1m[36m (0.2ms)[0m  [1mBEGIN[0m
  [1m[35mSQL (5.0ms)[0m  INSERT INTO "hotels" ("name", "city", "country", "created_at", "updated_at") VALUES ($1, $2, $3, $4, $5) RETURNING "id"  [["name", "The Ice Hotel"], ["city", "London"], ["country", "England"], ["created_at", "2015-06-04 13:45:03.757269"], ["updated_at", "2015-06-04 13:45:03.757269"]]
  [1m[36m (0.5ms)[0m  [1mCOMMIT[0m
  [1m[35mReview Load (0.4ms)[0m  SELECT "reviews".* FROM "reviews" WHERE "reviews"."hotel_id" = $1  [["hotel_id", 1]]
  [1m[36m (0.1ms)[0m  [1mBEGIN[0m
  [1m[35mSQL (0.8ms)[0m  INSERT INTO "reviews" ("description", "rating", "hotel_id", "created_at", "updated_at") VALUES ($1, $2, $3, $4, $5) RETURNING "id"  [["description", "great!"], ["rating", 5], ["hotel_id", 1], ["created_at", "2015-06-04 13:46:26.921977"], ["updated_at", "2015-06-04 13:46:26.921977"]]
  [1m[36m (0.4ms)[0m  [1mCOMMIT[0m
  [1m[35mReview Load (0.9ms)[0m  SELECT  "reviews".* FROM "reviews"  ORDER BY "reviews"."id" DESC LIMIT 1
  [1m[36mReview Load (0.5ms)[0m  [1mSELECT  "reviews".* FROM "reviews"  ORDER BY "reviews"."id" DESC LIMIT 1[0m
  [1m[35mHotel Load (0.3ms)[0m  SELECT  "hotels".* FROM "hotels" WHERE "hotels"."id" = $1 LIMIT 1  [["id", 1]]
  [1m[36m (0.2ms)[0m  [1mBEGIN[0m
  [1m[35mSQL (0.7ms)[0m  INSERT INTO "hotels" ("name", "city", "country", "created_at", "updated_at") VALUES ($1, $2, $3, $4, $5) RETURNING "id"  [["name", "a"], ["city", "b"], ["country", "f"], ["created_at", "2015-06-04 13:53:32.521009"], ["updated_at", "2015-06-04 13:53:32.521009"]]
  [1m[36m (1.0ms)[0m  [1mCOMMIT[0m
  [1m[35mReview Load (0.7ms)[0m  SELECT "reviews".* FROM "reviews" WHERE "reviews"."hotel_id" = $1  [["hotel_id", 2]]


Started GET "/" for 127.0.0.1 at 2015-06-04 16:19:47 +0100
  [1m[36mActiveRecord::SchemaMigration Load (0.6ms)[0m  [1mSELECT "schema_migrations".* FROM "schema_migrations"[0m
Processing by HotelsController#index as HTML
  Rendered hotels/index.html.erb within layouts/application (1.4ms)
Completed 200 OK in 1327ms (Views: 1318.2ms | ActiveRecord: 0.0ms)


Started GET "/assets/hotels.self-e3b0c44298fc1c149afbf4c8996fb92427ae41e4649b934ca495991b7852b855.css?body=1" for 127.0.0.1 at 2015-06-04 16:19:49 +0100


Started GET "/assets/application.self-e80e8f2318043e8af94dddc2adad5a4f09739a8ebb323b3ab31cd71d45fd9113.css?body=1" for 127.0.0.1 at 2015-06-04 16:19:49 +0100


Started GET "/assets/jquery.self-d03a5518f45df77341bdbe6201ba3bfa547ebba8ed64f0ea56bfa5f96ea7c074.js?body=1" for 127.0.0.1 at 2015-06-04 16:19:49 +0100


Started GET "/assets/jquery_ujs.self-8e98a7a072a6cee1372d19fff9ff3e6aa1e39a37d89d6f06861637d061113ee7.js?body=1" for 127.0.0.1 at 2015-06-04 16:19:49 +0100


Started GET "/assets/turbolinks.self-c37727e9bd6b2735da5c311aa83fead54ed0be6cc8bd9a65309e9c5abe2cbfff.js?body=1" for 127.0.0.1 at 2015-06-04 16:19:49 +0100


Started GET "/assets/hotels.self-877aef30ae1b040ab8a3aba4e3e309a11d7f2612f44dde450b5c157aa5f95c05.js?body=1" for 127.0.0.1 at 2015-06-04 16:19:49 +0100


Started GET "/assets/application.self-3a3c8b61bda630ee689740ce7cbd0dd8ea6fdd45e2c42eef4661ab38cf268afe.js?body=1" for 127.0.0.1 at 2015-06-04 16:19:49 +0100


Started GET "/hotels/new" for 127.0.0.1 at 2015-06-04 16:20:02 +0100
Processing by HotelsController#new as HTML
  Rendered hotels/new.html.erb within layouts/application (11.8ms)
Completed 200 OK in 49ms (Views: 35.1ms | ActiveRecord: 3.7ms)


Started POST "/hotels" for 127.0.0.1 at 2015-06-04 16:20:11 +0100
Processing by HotelsController#create as HTML
  Parameters: {"utf8"=>"✓", "authenticity_token"=>"wXc+VHNqZaqEFHebRbjasO3qz9V9beOyf/ZbirF4Hgs5d/oipEI2jjV6H5nT7dJ1utmc6IIim2y6XCoG22c0/w==", "hotel"=>{"name"=>"The Ace Hotel", "city"=>"London", "country"=>"England"}, "commit"=>"Submit"}
  [1m[35m (0.1ms)[0m  BEGIN
  [1m[36mSQL (0.5ms)[0m  [1mINSERT INTO "hotels" ("name", "city", "country", "created_at", "updated_at") VALUES ($1, $2, $3, $4, $5) RETURNING "id"[0m  [["name", "The Ace Hotel"], ["city", "London"], ["country", "England"], ["created_at", "2015-06-04 15:20:11.148078"], ["updated_at", "2015-06-04 15:20:11.148078"]]
  [1m[35m (0.4ms)[0m  COMMIT
Redirected to http://localhost:3000/hotels
Completed 302 Found in 8ms (ActiveRecord: 1.1ms)


Started GET "/hotels" for 127.0.0.1 at 2015-06-04 16:20:11 +0100
Processing by HotelsController#index as HTML
  Rendered hotels/index.html.erb within layouts/application (0.2ms)
Completed 200 OK in 23ms (Views: 21.8ms | ActiveRecord: 0.0ms)


Started GET "/hotels" for 127.0.0.1 at 2015-06-04 16:22:19 +0100
Processing by HotelsController#index as HTML
  [1m[36mHotel Load (0.4ms)[0m  [1mSELECT "hotels".* FROM "hotels"[0m
  Rendered hotels/index.html.erb within layouts/application (8.8ms)
Completed 200 OK in 39ms (Views: 32.1ms | ActiveRecord: 3.4ms)


Started GET "/assets/hotels.self-e3b0c44298fc1c149afbf4c8996fb92427ae41e4649b934ca495991b7852b855.css?body=1" for 127.0.0.1 at 2015-06-04 16:22:19 +0100


Started GET "/assets/application.self-e80e8f2318043e8af94dddc2adad5a4f09739a8ebb323b3ab31cd71d45fd9113.css?body=1" for 127.0.0.1 at 2015-06-04 16:22:19 +0100


Started GET "/assets/jquery.self-d03a5518f45df77341bdbe6201ba3bfa547ebba8ed64f0ea56bfa5f96ea7c074.js?body=1" for 127.0.0.1 at 2015-06-04 16:22:19 +0100


Started GET "/assets/jquery_ujs.self-8e98a7a072a6cee1372d19fff9ff3e6aa1e39a37d89d6f06861637d061113ee7.js?body=1" for 127.0.0.1 at 2015-06-04 16:22:19 +0100


Started GET "/assets/turbolinks.self-c37727e9bd6b2735da5c311aa83fead54ed0be6cc8bd9a65309e9c5abe2cbfff.js?body=1" for 127.0.0.1 at 2015-06-04 16:22:19 +0100


Started GET "/assets/hotels.self-877aef30ae1b040ab8a3aba4e3e309a11d7f2612f44dde450b5c157aa5f95c05.js?body=1" for 127.0.0.1 at 2015-06-04 16:22:19 +0100


Started GET "/assets/application.self-3a3c8b61bda630ee689740ce7cbd0dd8ea6fdd45e2c42eef4661ab38cf268afe.js?body=1" for 127.0.0.1 at 2015-06-04 16:22:19 +0100


Started GET "/hotels" for 127.0.0.1 at 2015-06-04 16:23:47 +0100
Processing by HotelsController#index as HTML
  [1m[35mHotel Load (0.3ms)[0m  SELECT "hotels".* FROM "hotels"
  Rendered hotels/index.html.erb within layouts/application (1.6ms)
Completed 200 OK in 25ms (Views: 23.3ms | ActiveRecord: 0.3ms)


Started GET "/assets/hotels.self-e3b0c44298fc1c149afbf4c8996fb92427ae41e4649b934ca495991b7852b855.css?body=1" for 127.0.0.1 at 2015-06-04 16:23:48 +0100


Started GET "/assets/application.self-e80e8f2318043e8af94dddc2adad5a4f09739a8ebb323b3ab31cd71d45fd9113.css?body=1" for 127.0.0.1 at 2015-06-04 16:23:48 +0100


Started GET "/assets/jquery.self-d03a5518f45df77341bdbe6201ba3bfa547ebba8ed64f0ea56bfa5f96ea7c074.js?body=1" for 127.0.0.1 at 2015-06-04 16:23:48 +0100


Started GET "/assets/jquery_ujs.self-8e98a7a072a6cee1372d19fff9ff3e6aa1e39a37d89d6f06861637d061113ee7.js?body=1" for 127.0.0.1 at 2015-06-04 16:23:48 +0100


Started GET "/assets/turbolinks.self-c37727e9bd6b2735da5c311aa83fead54ed0be6cc8bd9a65309e9c5abe2cbfff.js?body=1" for 127.0.0.1 at 2015-06-04 16:23:48 +0100


Started GET "/assets/hotels.self-877aef30ae1b040ab8a3aba4e3e309a11d7f2612f44dde450b5c157aa5f95c05.js?body=1" for 127.0.0.1 at 2015-06-04 16:23:48 +0100


Started GET "/assets/application.self-3a3c8b61bda630ee689740ce7cbd0dd8ea6fdd45e2c42eef4661ab38cf268afe.js?body=1" for 127.0.0.1 at 2015-06-04 16:23:48 +0100


Started GET "/hotels" for 127.0.0.1 at 2015-06-04 16:43:14 +0100
  [1m[36mActiveRecord::SchemaMigration Load (0.5ms)[0m  [1mSELECT "schema_migrations".* FROM "schema_migrations"[0m
Processing by HotelsController#index as HTML
  [1m[35mHotel Load (0.8ms)[0m  SELECT "hotels".* FROM "hotels"
  Rendered hotels/index.html.erb within layouts/application (11.2ms)
Completed 200 OK in 203ms (Views: 186.9ms | ActiveRecord: 4.7ms)


Started GET "/assets/hotels.self-e3b0c44298fc1c149afbf4c8996fb92427ae41e4649b934ca495991b7852b855.css?body=1" for 127.0.0.1 at 2015-06-04 16:43:15 +0100


Started GET "/assets/application.self-e80e8f2318043e8af94dddc2adad5a4f09739a8ebb323b3ab31cd71d45fd9113.css?body=1" for 127.0.0.1 at 2015-06-04 16:43:15 +0100


Started GET "/assets/jquery.self-d03a5518f45df77341bdbe6201ba3bfa547ebba8ed64f0ea56bfa5f96ea7c074.js?body=1" for 127.0.0.1 at 2015-06-04 16:43:15 +0100


Started GET "/assets/jquery_ujs.self-8e98a7a072a6cee1372d19fff9ff3e6aa1e39a37d89d6f06861637d061113ee7.js?body=1" for 127.0.0.1 at 2015-06-04 16:43:15 +0100


Started GET "/assets/turbolinks.self-c37727e9bd6b2735da5c311aa83fead54ed0be6cc8bd9a65309e9c5abe2cbfff.js?body=1" for 127.0.0.1 at 2015-06-04 16:43:15 +0100


Started GET "/assets/hotels.self-877aef30ae1b040ab8a3aba4e3e309a11d7f2612f44dde450b5c157aa5f95c05.js?body=1" for 127.0.0.1 at 2015-06-04 16:43:15 +0100


Started GET "/assets/application.self-3a3c8b61bda630ee689740ce7cbd0dd8ea6fdd45e2c42eef4661ab38cf268afe.js?body=1" for 127.0.0.1 at 2015-06-04 16:43:15 +0100


Started GET "/hotels" for 127.0.0.1 at 2015-06-04 16:43:28 +0100
Processing by HotelsController#index as HTML
  [1m[36mHotel Load (0.4ms)[0m  [1mSELECT "hotels".* FROM "hotels"[0m
  Rendered hotels/index.html.erb within layouts/application (2.6ms)
Completed 200 OK in 29ms (Views: 26.3ms | ActiveRecord: 0.4ms)


Started GET "/assets/hotels.self-e3b0c44298fc1c149afbf4c8996fb92427ae41e4649b934ca495991b7852b855.css?body=1" for 127.0.0.1 at 2015-06-04 16:43:28 +0100


Started GET "/assets/application.self-e80e8f2318043e8af94dddc2adad5a4f09739a8ebb323b3ab31cd71d45fd9113.css?body=1" for 127.0.0.1 at 2015-06-04 16:43:28 +0100


Started GET "/assets/jquery.self-d03a5518f45df77341bdbe6201ba3bfa547ebba8ed64f0ea56bfa5f96ea7c074.js?body=1" for 127.0.0.1 at 2015-06-04 16:43:28 +0100


Started GET "/assets/jquery_ujs.self-8e98a7a072a6cee1372d19fff9ff3e6aa1e39a37d89d6f06861637d061113ee7.js?body=1" for 127.0.0.1 at 2015-06-04 16:43:28 +0100


Started GET "/assets/turbolinks.self-c37727e9bd6b2735da5c311aa83fead54ed0be6cc8bd9a65309e9c5abe2cbfff.js?body=1" for 127.0.0.1 at 2015-06-04 16:43:28 +0100


Started GET "/assets/hotels.self-877aef30ae1b040ab8a3aba4e3e309a11d7f2612f44dde450b5c157aa5f95c05.js?body=1" for 127.0.0.1 at 2015-06-04 16:43:28 +0100


Started GET "/assets/application.self-3a3c8b61bda630ee689740ce7cbd0dd8ea6fdd45e2c42eef4661ab38cf268afe.js?body=1" for 127.0.0.1 at 2015-06-04 16:43:28 +0100


Started GET "/hotels" for 127.0.0.1 at 2015-06-04 16:43:48 +0100
Processing by HotelsController#index as HTML
  [1m[35mHotel Load (0.3ms)[0m  SELECT "hotels".* FROM "hotels"
  Rendered hotels/index.html.erb within layouts/application (5.4ms)
Completed 500 Internal Server Error in 8ms

ActionView::Template::Error (undefined method `to_model' for 1:Fixnum):
    1: <%= link_to 'Add a hotel', new_hotel_path %>
    2: 
    3: <% @hotels.each do |hotel| %>
    4:   <p><%= link_to hotel.name, hotel.id %></p>
    5: <% end %>
  app/views/hotels/index.html.erb:4:in `block in _app_views_hotels_index_html_erb__1808370374368250583_70282873112420'
  app/views/hotels/index.html.erb:3:in `_app_views_hotels_index_html_erb__1808370374368250583_70282873112420'


  Rendered /Users/Jem/.rbenv/versions/2.1.5/lib/ruby/gems/2.1.0/gems/actionpack-4.2.0/lib/action_dispatch/middleware/templates/rescues/_source.erb (8.1ms)
  Rendered /Users/Jem/.rbenv/versions/2.1.5/lib/ruby/gems/2.1.0/gems/actionpack-4.2.0/lib/action_dispatch/middleware/templates/rescues/_trace.html.erb (3.1ms)
  Rendered /Users/Jem/.rbenv/versions/2.1.5/lib/ruby/gems/2.1.0/gems/actionpack-4.2.0/lib/action_dispatch/middleware/templates/rescues/_request_and_response.html.erb (0.8ms)
  Rendered /Users/Jem/.rbenv/versions/2.1.5/lib/ruby/gems/2.1.0/gems/actionpack-4.2.0/lib/action_dispatch/middleware/templates/rescues/template_error.html.erb within rescues/layout (27.0ms)
  Rendered /Users/Jem/.rbenv/versions/2.1.5/lib/ruby/gems/2.1.0/gems/web-console-2.1.2/lib/web_console/templates/_markup.html.erb (0.4ms)
  Rendered /Users/Jem/.rbenv/versions/2.1.5/lib/ruby/gems/2.1.0/gems/web-console-2.1.2/lib/web_console/templates/style.css.erb within layouts/inlined_string (0.3ms)
  Rendered /Users/Jem/.rbenv/versions/2.1.5/lib/ruby/gems/2.1.0/gems/web-console-2.1.2/lib/web_console/templates/_inner_console_markup.html.erb within layouts/inlined_string (0.3ms)
  Rendered /Users/Jem/.rbenv/versions/2.1.5/lib/ruby/gems/2.1.0/gems/web-console-2.1.2/lib/web_console/templates/_prompt_box_markup.html.erb within layouts/inlined_string (0.2ms)
  Rendered /Users/Jem/.rbenv/versions/2.1.5/lib/ruby/gems/2.1.0/gems/web-console-2.1.2/lib/web_console/templates/console.js.erb within layouts/javascript (17.6ms)
  Rendered /Users/Jem/.rbenv/versions/2.1.5/lib/ruby/gems/2.1.0/gems/web-console-2.1.2/lib/web_console/templates/main.js.erb within layouts/javascript (0.3ms)
  Rendered /Users/Jem/.rbenv/versions/2.1.5/lib/ruby/gems/2.1.0/gems/web-console-2.1.2/lib/web_console/templates/error_page.js.erb within layouts/javascript (0.3ms)
  Rendered /Users/Jem/.rbenv/versions/2.1.5/lib/ruby/gems/2.1.0/gems/web-console-2.1.2/lib/web_console/templates/index.html.erb (40.9ms)


Started GET "/hotels" for 127.0.0.1 at 2015-06-04 16:43:55 +0100
Processing by HotelsController#index as HTML
  [1m[36mHotel Load (0.3ms)[0m  [1mSELECT "hotels".* FROM "hotels"[0m
  Rendered hotels/index.html.erb within layouts/application (1.5ms)
Completed 200 OK in 24ms (Views: 22.1ms | ActiveRecord: 0.3ms)


Started GET "/assets/hotels.self-e3b0c44298fc1c149afbf4c8996fb92427ae41e4649b934ca495991b7852b855.css?body=1" for 127.0.0.1 at 2015-06-04 16:43:55 +0100


Started GET "/assets/application.self-e80e8f2318043e8af94dddc2adad5a4f09739a8ebb323b3ab31cd71d45fd9113.css?body=1" for 127.0.0.1 at 2015-06-04 16:43:55 +0100


Started GET "/assets/jquery.self-d03a5518f45df77341bdbe6201ba3bfa547ebba8ed64f0ea56bfa5f96ea7c074.js?body=1" for 127.0.0.1 at 2015-06-04 16:43:55 +0100


Started GET "/assets/jquery_ujs.self-8e98a7a072a6cee1372d19fff9ff3e6aa1e39a37d89d6f06861637d061113ee7.js?body=1" for 127.0.0.1 at 2015-06-04 16:43:55 +0100


Started GET "/assets/turbolinks.self-c37727e9bd6b2735da5c311aa83fead54ed0be6cc8bd9a65309e9c5abe2cbfff.js?body=1" for 127.0.0.1 at 2015-06-04 16:43:55 +0100


Started GET "/assets/hotels.self-877aef30ae1b040ab8a3aba4e3e309a11d7f2612f44dde450b5c157aa5f95c05.js?body=1" for 127.0.0.1 at 2015-06-04 16:43:55 +0100


Started GET "/assets/application.self-3a3c8b61bda630ee689740ce7cbd0dd8ea6fdd45e2c42eef4661ab38cf268afe.js?body=1" for 127.0.0.1 at 2015-06-04 16:43:55 +0100


Started GET "/hotels" for 127.0.0.1 at 2015-06-04 17:00:18 +0100
  [1m[36mActiveRecord::SchemaMigration Load (0.4ms)[0m  [1mSELECT "schema_migrations".* FROM "schema_migrations"[0m
Processing by HotelsController#index as HTML
  [1m[35mHotel Load (0.7ms)[0m  SELECT "hotels".* FROM "hotels"
  Rendered hotels/index.html.erb within layouts/application (9.8ms)
Completed 200 OK in 276ms (Views: 258.9ms | ActiveRecord: 3.8ms)


Started GET "/assets/hotels.self-e3b0c44298fc1c149afbf4c8996fb92427ae41e4649b934ca495991b7852b855.css?body=1" for 127.0.0.1 at 2015-06-04 17:00:18 +0100


Started GET "/assets/reviews.self-e3b0c44298fc1c149afbf4c8996fb92427ae41e4649b934ca495991b7852b855.css?body=1" for 127.0.0.1 at 2015-06-04 17:00:18 +0100


Started GET "/assets/application.self-e80e8f2318043e8af94dddc2adad5a4f09739a8ebb323b3ab31cd71d45fd9113.css?body=1" for 127.0.0.1 at 2015-06-04 17:00:18 +0100


Started GET "/assets/jquery.self-d03a5518f45df77341bdbe6201ba3bfa547ebba8ed64f0ea56bfa5f96ea7c074.js?body=1" for 127.0.0.1 at 2015-06-04 17:00:18 +0100


Started GET "/assets/jquery_ujs.self-8e98a7a072a6cee1372d19fff9ff3e6aa1e39a37d89d6f06861637d061113ee7.js?body=1" for 127.0.0.1 at 2015-06-04 17:00:18 +0100


Started GET "/assets/reviews.self-877aef30ae1b040ab8a3aba4e3e309a11d7f2612f44dde450b5c157aa5f95c05.js?body=1" for 127.0.0.1 at 2015-06-04 17:00:18 +0100


Started GET "/assets/turbolinks.self-c37727e9bd6b2735da5c311aa83fead54ed0be6cc8bd9a65309e9c5abe2cbfff.js?body=1" for 127.0.0.1 at 2015-06-04 17:00:18 +0100


Started GET "/assets/hotels.self-877aef30ae1b040ab8a3aba4e3e309a11d7f2612f44dde450b5c157aa5f95c05.js?body=1" for 127.0.0.1 at 2015-06-04 17:00:18 +0100


Started GET "/assets/application.self-3a3c8b61bda630ee689740ce7cbd0dd8ea6fdd45e2c42eef4661ab38cf268afe.js?body=1" for 127.0.0.1 at 2015-06-04 17:00:18 +0100


Started GET "/hotels/1" for 127.0.0.1 at 2015-06-04 17:00:20 +0100
Processing by HotelsController#show as HTML
  Parameters: {"id"=>"1"}
  [1m[36mHotel Load (0.5ms)[0m  [1mSELECT  "hotels".* FROM "hotels" WHERE "hotels"."id" = $1 LIMIT 1[0m  [["id", 1]]
  [1m[35mReview Load (0.5ms)[0m  SELECT "reviews".* FROM "reviews" WHERE "reviews"."hotel_id" = $1  [["hotel_id", 1]]
  Rendered hotels/show.html.erb within layouts/application (20.5ms)
Completed 200 OK in 55ms (Views: 44.9ms | ActiveRecord: 2.7ms)


Started GET "/hotels/2" for 127.0.0.1 at 2015-06-04 17:00:24 +0100
Processing by HotelsController#show as HTML
  Parameters: {"id"=>"2"}
  [1m[36mHotel Load (0.3ms)[0m  [1mSELECT  "hotels".* FROM "hotels" WHERE "hotels"."id" = $1 LIMIT 1[0m  [["id", 2]]
  [1m[35mReview Load (0.2ms)[0m  SELECT "reviews".* FROM "reviews" WHERE "reviews"."hotel_id" = $1  [["hotel_id", 2]]
  Rendered hotels/show.html.erb within layouts/application (1.0ms)
Completed 200 OK in 33ms (Views: 30.2ms | ActiveRecord: 0.5ms)


Started GET "/hotels/2/reviews/new" for 127.0.0.1 at 2015-06-04 17:00:25 +0100
Processing by ReviewsController#new as HTML
  Parameters: {"hotel_id"=>"2"}
  [1m[36mHotel Load (0.3ms)[0m  [1mSELECT  "hotels".* FROM "hotels" WHERE "hotels"."id" = $1 LIMIT 1[0m  [["id", 2]]
  Rendered reviews/new.html.erb within layouts/application (12.6ms)
Completed 200 OK in 46ms (Views: 43.8ms | ActiveRecord: 0.3ms)


Started POST "/hotels/2/reviews" for 127.0.0.1 at 2015-06-04 17:00:30 +0100
Processing by ReviewsController#create as HTML
  Parameters: {"utf8"=>"✓", "authenticity_token"=>"uqfI+JivzzZSedqlMUk45Vis5rVGH+oKhpBIpVMLdr1CpwyOT4ecEuMXsqenHDAgD5+1iLlQktRDOjkpORRcSQ==", "review"=>{"description"=>"hbwjrglbr b", "rating"=>"3"}, "commit"=>"Submit", "hotel_id"=>"2"}
  [1m[35mHotel Load (0.3ms)[0m  SELECT  "hotels".* FROM "hotels" WHERE "hotels"."id" = $1 LIMIT 1  [["id", 2]]
  [1m[36m (0.1ms)[0m  [1mBEGIN[0m
  [1m[35mSQL (0.4ms)[0m  INSERT INTO "reviews" ("description", "rating", "created_at", "updated_at") VALUES ($1, $2, $3, $4) RETURNING "id"  [["description", "hbwjrglbr b"], ["rating", 3], ["created_at", "2015-06-04 16:00:30.320899"], ["updated_at", "2015-06-04 16:00:30.320899"]]
  [1m[36m (0.4ms)[0m  [1mCOMMIT[0m
  [1m[35m (0.1ms)[0m  BEGIN
  [1m[36mSQL (0.5ms)[0m  [1mUPDATE "reviews" SET "hotel_id" = $1, "updated_at" = $2 WHERE "reviews"."id" = $3[0m  [["hotel_id", 2], ["updated_at", "2015-06-04 16:00:30.323421"], ["id", 2]]
  [1m[35m (0.4ms)[0m  COMMIT
Redirected to http://localhost:3000/hotels/2
Completed 302 Found in 9ms (ActiveRecord: 2.1ms)


Started GET "/hotels/2" for 127.0.0.1 at 2015-06-04 17:00:30 +0100
Processing by HotelsController#show as HTML
  Parameters: {"id"=>"2"}
  [1m[36mHotel Load (0.3ms)[0m  [1mSELECT  "hotels".* FROM "hotels" WHERE "hotels"."id" = $1 LIMIT 1[0m  [["id", 2]]
  [1m[35mReview Load (0.2ms)[0m  SELECT "reviews".* FROM "reviews" WHERE "reviews"."hotel_id" = $1  [["hotel_id", 2]]
  Rendered hotels/show.html.erb within layouts/application (1.5ms)
Completed 200 OK in 28ms (Views: 25.8ms | ActiveRecord: 0.5ms)


Started GET "/hotels/2" for 127.0.0.1 at 2015-06-04 17:01:37 +0100
Processing by HotelsController#show as HTML
  Parameters: {"id"=>"2"}
  [1m[36mHotel Load (0.3ms)[0m  [1mSELECT  "hotels".* FROM "hotels" WHERE "hotels"."id" = $1 LIMIT 1[0m  [["id", 2]]
  [1m[35mReview Load (0.2ms)[0m  SELECT "reviews".* FROM "reviews" WHERE "reviews"."hotel_id" = $1  [["hotel_id", 2]]
  Rendered hotels/show.html.erb within layouts/application (2.0ms)
Completed 200 OK in 30ms (Views: 27.5ms | ActiveRecord: 0.5ms)


Started GET "/assets/hotels.self-e3b0c44298fc1c149afbf4c8996fb92427ae41e4649b934ca495991b7852b855.css?body=1" for 127.0.0.1 at 2015-06-04 17:01:37 +0100


Started GET "/assets/reviews.self-e3b0c44298fc1c149afbf4c8996fb92427ae41e4649b934ca495991b7852b855.css?body=1" for 127.0.0.1 at 2015-06-04 17:01:37 +0100


Started GET "/assets/application.self-e80e8f2318043e8af94dddc2adad5a4f09739a8ebb323b3ab31cd71d45fd9113.css?body=1" for 127.0.0.1 at 2015-06-04 17:01:37 +0100


Started GET "/assets/jquery.self-d03a5518f45df77341bdbe6201ba3bfa547ebba8ed64f0ea56bfa5f96ea7c074.js?body=1" for 127.0.0.1 at 2015-06-04 17:01:37 +0100


Started GET "/assets/jquery_ujs.self-8e98a7a072a6cee1372d19fff9ff3e6aa1e39a37d89d6f06861637d061113ee7.js?body=1" for 127.0.0.1 at 2015-06-04 17:01:37 +0100


Started GET "/assets/turbolinks.self-c37727e9bd6b2735da5c311aa83fead54ed0be6cc8bd9a65309e9c5abe2cbfff.js?body=1" for 127.0.0.1 at 2015-06-04 17:01:37 +0100


Started GET "/assets/hotels.self-877aef30ae1b040ab8a3aba4e3e309a11d7f2612f44dde450b5c157aa5f95c05.js?body=1" for 127.0.0.1 at 2015-06-04 17:01:37 +0100


Started GET "/assets/reviews.self-877aef30ae1b040ab8a3aba4e3e309a11d7f2612f44dde450b5c157aa5f95c05.js?body=1" for 127.0.0.1 at 2015-06-04 17:01:37 +0100


Started GET "/assets/application.self-3a3c8b61bda630ee689740ce7cbd0dd8ea6fdd45e2c42eef4661ab38cf268afe.js?body=1" for 127.0.0.1 at 2015-06-04 17:01:37 +0100


Started GET "/hotels/1" for 127.0.0.1 at 2015-06-04 17:01:48 +0100
Processing by HotelsController#show as HTML
  Parameters: {"id"=>"1"}
  [1m[36mHotel Load (0.2ms)[0m  [1mSELECT  "hotels".* FROM "hotels" WHERE "hotels"."id" = $1 LIMIT 1[0m  [["id", 1]]
  [1m[35mReview Load (0.2ms)[0m  SELECT "reviews".* FROM "reviews" WHERE "reviews"."hotel_id" = $1  [["hotel_id", 1]]
  Rendered hotels/show.html.erb within layouts/application (1.3ms)
Completed 200 OK in 40ms (Views: 38.0ms | ActiveRecord: 0.4ms)
